Build started 2021/1/11 15:00:44.
     1>Project "D:\Desktop\Project2\Project2\Project2.vcxproj" on node 2 (Build target(s)).
     1>ClCompile:
         D:\visualstudio2013\VS_2013\VC\bin\CL.exe /c /ZI /nologo /W3 /WX- /sdl /Od /Oy- /D _MBCS /Gm /EHsc /RTC1 /MDd /GS /fp:precise /Zc:wchar_t /Zc:forScope /Fo"Debug\\" /Fd"Debug\vc120.pdb" /Gd /TP /analyze- /errorReport:prompt Source.cpp
         Source.cpp
     1>d:\desktop\project2\project2\source.cpp(42): warning C4244: '=' : conversion from 'double' to 'int', possible loss of data
     1>d:\desktop\project2\project2\source.cpp(54): warning C4018: '<' : signed/unsigned mismatch
     1>d:\desktop\project2\project2\source.cpp(57): warning C4244: '=' : conversion from 'double' to 'int', possible loss of data
     1>d:\desktop\project2\project2\source.cpp(59): warning C4244: '+=' : conversion from 'double' to 'int', possible loss of data
     1>d:\desktop\project2\project2\source.cpp(60): warning C4244: '+=' : conversion from 'double' to 'int', possible loss of data
     1>d:\desktop\project2\project2\source.cpp(61): warning C4244: '+=' : conversion from 'double' to 'int', possible loss of data
     1>d:\desktop\project2\project2\source.cpp(83): warning C4018: '<' : signed/unsigned mismatch
     1>d:\desktop\project2\project2\source.cpp(84): warning C4018: '<' : signed/unsigned mismatch
     1>d:\desktop\project2\project2\source.cpp(86): warning C4244: '=' : conversion from 'double' to 'int', possible loss of data
     1>d:\desktop\project2\project2\source.cpp(93): warning C4018: '<' : signed/unsigned mismatch
     1>d:\desktop\project2\project2\source.cpp(103): warning C4018: '<' : signed/unsigned mismatch
       Link:
         D:\visualstudio2013\VS_2013\VC\bin\link.exe /ERRORREPORT:PROMPT /OUT:"D:\Desktop\Project2\Debug\Project2.exe" /INCREMENTAL /NOLOGO kernel32.lib user32.lib gdi32.lib winspool.lib comdlg32.lib advapi32.lib shell32.lib ole32.lib oleaut32.lib uuid.lib odbc32.lib odbccp32.lib /MANIFEST /MANIFESTUAC:"level='asInvoker' uiAccess='false'" /manifest:embed /DEBUG /PDB:"D:\Desktop\Project2\Debug\Project2.pdb" /TLBID:1 /DYNAMICBASE /NXCOMPAT /IMPLIB:"D:\Desktop\Project2\Debug\Project2.lib" /MACHINE:X86 Debug\Source.obj
         Project2.vcxproj -> D:\Desktop\Project2\Debug\Project2.exe
     1>Done Building Project "D:\Desktop\Project2\Project2\Project2.vcxproj" (Build target(s)).

Build succeeded.

Time Elapsed 00:00:00.99
